<?xml version="1.0" encoding="UTF-8"?>
<testsuite xmlns:xsi="http://www.w3.org/2001/XMLSchema-instance" xsi:noNamespaceSchemaLocation="https://maven.apache.org/surefire/maven-surefire-plugin/xsd/surefire-test-report-3.0.xsd" version="3.0" name="tests.CheckOrdersTest" time="22.038" tests="5" errors="0" skipped="0" failures="0">
  <properties>
[...]
</properties>
  <testcase name="checkCreateOrder(String[])[1]" classname="tests.CheckOrdersTest" time="9.236">
    <system-err><![CDATA[SLF4J(W): No SLF4J providers were found.
SLF4J(W): Defaulting to no-operation (NOP) logger implementation
SLF4J(W): See https://www.slf4j.org/codes.html#noProviders for further details.
]]></system-err>
  </testcase>
  <testcase name="checkCreateOrder(String[])[2]" classname="tests.CheckOrdersTest" time="0.292"/>
  <testcase name="checkCreateOrder(String[])[3]" classname="tests.CheckOrdersTest" time="0.347"/>
  <testcase name="checkCreateOrder(String[])[4]" classname="tests.CheckOrdersTest" time="0.192"/>
  <testcase name="getOrdersListNotEmpty" classname="tests.CheckOrdersTest" time="11.411"/>
</testsuite>